<?xml version="1.0" encoding="UTF-8"?>
<!-- Generated by org.testng.reporters.JUnitReportReporter -->
<testsuite hostname="NgD" failures="0" tests="3" name="automation.testsuite.Alada_PageFactory_SignupTest_Day14" time="158.947" errors="0" timestamp="2025-03-25T16:17:50 GMT+07:00" skipped="0">
  <testcase classname="automation.testsuite.Alada_PageFactory_SignupTest_Day14" name="RegisterSuccessfully" time="47.203"/>
  <testcase classname="automation.testsuite.Alada_PageFactory_SignupTest_Day14" name="ChangePassword" time="66.773"/>
  <testcase classname="automation.testsuite.Alada_PageFactory_SignupTest_Day14" name="LoginSuccessfully_NewPass" time="44.971"/>
</testsuite> <!-- automation.testsuite.Alada_PageFactory_SignupTest_Day14 -->
