<?xml version="1.0" encoding="UTF-8"?>
<!-- Generated by org.testng.reporters.JUnitReportReporter -->
<testsuite hostname="NgD" failures="0" tests="1" name="automation.testsuite.TS_PracticeLocateElement" time="4.451" errors="0" timestamp="2025-03-23T14:44:03 GMT+07:00" skipped="0">
  <testcase classname="automation.testsuite.TS_PracticeLocateElement" name="submitForm" time="4.451"/>
</testsuite> <!-- automation.testsuite.TS_PracticeLocateElement -->
