<?xml version="1.0" encoding="UTF-8"?>
<!-- Generated by org.testng.reporters.JUnitReportReporter -->
<testsuite hostname="NgD" failures="0" tests="3" name="automation.testsuite.Day18_Homework_01_Test" time="60.251" errors="0" timestamp="2025-03-28T18:03:45 GMT+07:00" skipped="0">
  <testcase classname="automation.testsuite.Day18_Homework_01_Test" name="clickZalo" time="32.143"/>
  <testcase classname="automation.testsuite.Day18_Homework_01_Test" name="clickZalo" time="10.283"/>
  <testcase classname="automation.testsuite.Day18_Homework_01_Test" name="clickZalo" time="17.825"/>
</testsuite> <!-- automation.testsuite.Day18_Homework_01_Test -->
