<?xml version="1.0" encoding="UTF-8"?>
<!-- Generated by org.testng.reporters.JUnitReportReporter -->
<testsuite hostname="NgD" failures="0" tests="3" name="automation.testsuite.Alada_PageFactory_SignupTest_Homework_Day14" time="163.015" errors="0" timestamp="2025-03-26T18:33:37 GMT+07:00" skipped="0">
  <testcase classname="automation.testsuite.Alada_PageFactory_SignupTest_Homework_Day14" name="RegisterSuccessfully" time="49.663"/>
  <testcase classname="automation.testsuite.Alada_PageFactory_SignupTest_Homework_Day14" name="ChangePassword" time="67.720"/>
  <testcase classname="automation.testsuite.Alada_PageFactory_SignupTest_Homework_Day14" name="LoginSuccessfully_NewPass" time="45.632"/>
</testsuite> <!-- automation.testsuite.Alada_PageFactory_SignupTest_Homework_Day14 -->
