<?xml version="1.0" encoding="UTF-8"?>
<!-- Generated by org.testng.reporters.JUnitReportReporter -->
<testsuite hostname="NgD" failures="0" tests="1" name="automation.testsuite.Rise_LoginTest" time="8.470" errors="0" timestamp="2025-03-24T14:25:55 GMT+07:00" skipped="0">
  <testcase classname="automation.testsuite.Rise_LoginTest" name="LoginSuccessfully" time="8.470"/>
</testsuite> <!-- automation.testsuite.Rise_LoginTest -->
