<?xml version="1.0" encoding="UTF-8"?>
<!-- Generated by org.testng.reporters.JUnitReportReporter -->
<testsuite hostname="NgD" failures="0" tests="1" name="automation.testsuite.TS_PracticeLocateElement_B1" time="4.369" errors="0" timestamp="2025-03-23T14:45:36 GMT+07:00" skipped="0">
  <testcase classname="automation.testsuite.TS_PracticeLocateElement_B1" name="submitForm" time="4.369"/>
</testsuite> <!-- automation.testsuite.TS_PracticeLocateElement_B1 -->
