<?xml version="1.0" encoding="UTF-8"?>
<!-- Generated by org.testng.reporters.JUnitReportReporter -->
<testsuite hostname="NgD" failures="0" tests="1" name="automation.testsuite.Day13_Homework_CrmStar_LogoutTest" time="8.689" errors="0" timestamp="2025-03-27T14:44:24 GMT+07:00" skipped="0">
  <testcase classname="automation.testsuite.Day13_Homework_CrmStar_LogoutTest" name="LogoutSuccessfully" time="8.689"/>
</testsuite> <!-- automation.testsuite.Day13_Homework_CrmStar_LogoutTest -->
