<?xml version="1.0" encoding="UTF-8"?>
<!-- Generated by org.testng.reporters.JUnitReportReporter -->
<testsuite hostname="NgD" failures="0" tests="1" name="automation.testsuite.CrmStar_LogoutTest_Homework_Day13" time="9.513" errors="0" timestamp="2025-03-25T12:25:18 GMT+07:00" skipped="0">
  <testcase classname="automation.testsuite.CrmStar_LogoutTest_Homework_Day13" name="LogoutSuccessfully" time="9.513"/>
</testsuite> <!-- automation.testsuite.CrmStar_LogoutTest_Homework_Day13 -->
