<?xml version="1.0" encoding="UTF-8"?>
<!-- Generated by org.testng.reporters.JUnitReportReporter -->
<testsuite hostname="NgD" failures="0" tests="1" name="automation.testsuite.Day18_BepAnToanTest" time="10.552" errors="0" timestamp="2025-03-28T18:26:07 GMT+07:00" skipped="0">
  <testcase classname="automation.testsuite.Day18_BepAnToanTest" name="searchBepTu_Bosch" time="10.552"/>
</testsuite> <!-- automation.testsuite.Day18_BepAnToanTest -->
