<?xml version="1.0" encoding="UTF-8"?>
<!-- Generated by org.testng.reporters.JUnitReportReporter -->
<testsuite hostname="NgD" failures="0" tests="4" name="automation.testsuite.Day13_Homework_CrmStar_LoginTest" time="33.039" errors="0" timestamp="2025-03-27T14:41:26 GMT+07:00" skipped="0">
  <testcase classname="automation.testsuite.Day13_Homework_CrmStar_LoginTest" name="LoginFail_IncorrectPassword" time="8.468"/>
  <testcase classname="automation.testsuite.Day13_Homework_CrmStar_LoginTest" name="LoginFail_IncorrectEmailPassword" time="9.229"/>
  <testcase classname="automation.testsuite.Day13_Homework_CrmStar_LoginTest" name="LoginSuccessfully" time="8.100"/>
  <testcase classname="automation.testsuite.Day13_Homework_CrmStar_LoginTest" name="LoginFail_IncorrectEmail" time="7.242"/>
</testsuite> <!-- automation.testsuite.Day13_Homework_CrmStar_LoginTest -->
