<?xml version="1.0" encoding="UTF-8"?>
<!-- Generated by org.testng.reporters.JUnitReportReporter -->
<testsuite hostname="NgD" failures="0" tests="1" name="automation.testsuite.Alada_LoginTest_Day13" time="41.829" errors="0" timestamp="2025-03-24T15:00:16 GMT+07:00" skipped="0">
  <testcase classname="automation.testsuite.Alada_LoginTest_Day13" name="LoginFail_IncorrectEmail" time="41.829"/>
</testsuite> <!-- automation.testsuite.Alada_LoginTest_Day13 -->
