<?xml version="1.0" encoding="UTF-8"?>
<!-- Generated by org.testng.reporters.JUnitReportReporter -->
<testsuite hostname="NgD" failures="0" tests="4" name="automation.testsuite.Day16_Homework_01__CrmStar_QLKV_Test" time="37.941" errors="0" timestamp="2025-03-27T14:48:44 GMT+07:00" skipped="0">
  <testcase classname="automation.testsuite.Day16_Homework_01__CrmStar_QLKV_Test" name="LoginSuccessfully" time="8.636"/>
  <testcase classname="automation.testsuite.Day16_Homework_01__CrmStar_QLKV_Test" name="addKLVSuccessfully" time="10.466"/>
  <testcase classname="automation.testsuite.Day16_Homework_01__CrmStar_QLKV_Test" name="removeKLVSuccessfully" time="10.313"/>
  <testcase classname="automation.testsuite.Day16_Homework_01__CrmStar_QLKV_Test" name="addKLV_Unsuccessfully" time="8.526"/>
</testsuite> <!-- automation.testsuite.Day16_Homework_01__CrmStar_QLKV_Test -->
