<?xml version="1.0" encoding="UTF-8"?>
<!-- Generated by org.testng.reporters.JUnitReportReporter -->
<testsuite hostname="NgD" failures="0" tests="3" name="automation.testsuite.Day15_Homework_TEDU_Test" time="45.105" errors="0" timestamp="2025-03-27T14:38:07 GMT+07:00" skipped="0">
  <testcase classname="automation.testsuite.Day15_Homework_TEDU_Test" name="LoginSuccessfully" time="12.174"/>
  <testcase classname="automation.testsuite.Day15_Homework_TEDU_Test" name="UpdatePassSuccessfully" time="15.840"/>
  <testcase classname="automation.testsuite.Day15_Homework_TEDU_Test" name="RecoverPassSuccessfully" time="17.091"/>
</testsuite> <!-- automation.testsuite.Day15_Homework_TEDU_Test -->
