<?xml version="1.0" encoding="UTF-8"?>
<!-- Generated by org.testng.reporters.JUnitReportReporter -->
<testsuite hostname="NgD" failures="0" tests="1" name="automation.testsuite.Day17_iFrameTest" time="10.985" errors="0" timestamp="2025-03-28T11:09:38 GMT+07:00" skipped="0">
  <testcase classname="automation.testsuite.Day17_iFrameTest" name="findIFrame" time="10.985"/>
</testsuite> <!-- automation.testsuite.Day17_iFrameTest -->
