<?xml version="1.0" encoding="UTF-8"?>
<!-- Generated by org.testng.reporters.JUnitReportReporter -->
<testsuite hostname="NgD" failures="0" tests="1" name="automation.testsuite.Employees_Day07" time="7.295" errors="0" timestamp="2025-03-24T09:23:59 GMT+07:00" skipped="0">
  <testcase classname="automation.testsuite.Employees_Day07" name="enterEmployeeName" time="7.295"/>
</testsuite> <!-- automation.testsuite.Employees_Day07 -->
