<?xml version="1.0" encoding="UTF-8"?>
<!-- Generated by org.testng.reporters.JUnitReportReporter -->
<testsuite hostname="NgD" failures="0" tests="1" name="automation.testsuite.TS_Practice_Day12_B1" time="7.197" errors="0" timestamp="2025-03-24T11:45:03 GMT+07:00" skipped="0">
  <testcase classname="automation.testsuite.TS_Practice_Day12_B1" name="clickRadioButton" time="7.197"/>
</testsuite> <!-- automation.testsuite.TS_Practice_Day12_B1 -->
