<?xml version="1.0" encoding="UTF-8"?>
<!-- Generated by org.testng.reporters.JUnitReportReporter -->
<testsuite hostname="NgD" failures="0" tests="2" name="automation.testsuite.ALERT_PracticeTest_Day16" time="59.888" errors="0" timestamp="2025-03-26T20:13:46 GMT+07:00" skipped="0">
  <testcase classname="automation.testsuite.ALERT_PracticeTest_Day16" name="pressOkButton" time="8.860"/>
  <testcase classname="automation.testsuite.ALERT_PracticeTest_Day16" name="pressCancelButton" time="51.028"/>
</testsuite> <!-- automation.testsuite.ALERT_PracticeTest_Day16 -->
