<?xml version="1.0" encoding="UTF-8"?>
<!-- Generated by org.testng.reporters.JUnitReportReporter -->
<testsuite hostname="NgD" failures="0" tests="1" name="automation.testsuite.LoginTest" time="0.017" errors="0" timestamp="2025-03-23T13:48:05 GMT+07:00" skipped="0">
  <testcase classname="automation.testsuite.LoginTest" name="hello" time="0.017"/>
</testsuite> <!-- automation.testsuite.LoginTest -->
