<?xml version="1.0" encoding="UTF-8"?>
<!-- Generated by org.testng.reporters.JUnitReportReporter -->
<testsuite hostname="NgD" failures="0" tests="1" name="automation.testsuite.TS_Practice_Day12_Dropdownlist" time="3.890" errors="0" timestamp="2025-03-24T12:14:49 GMT+07:00" skipped="0">
  <testcase classname="automation.testsuite.TS_Practice_Day12_Dropdownlist" name="chooseAWSOption" time="3.890"/>
</testsuite> <!-- automation.testsuite.TS_Practice_Day12_Dropdownlist -->
