<?xml version="1.0" encoding="UTF-8"?>
<!-- Generated by org.testng.reporters.JUnitReportReporter -->
<testsuite hostname="NgD" failures="0" tests="3" name="automation.testsuite.Day14_Homework_Alada_PageFactory_Page" time="162.006" errors="0" timestamp="2025-03-27T15:39:05 GMT+07:00" skipped="0">
  <testcase classname="automation.testsuite.Day14_Homework_Alada_PageFactory_Page" name="RegisterSuccessfully" time="47.518"/>
  <testcase classname="automation.testsuite.Day14_Homework_Alada_PageFactory_Page" name="ChangePassword" time="67.671"/>
  <testcase classname="automation.testsuite.Day14_Homework_Alada_PageFactory_Page" name="LoginSuccessfully_NewPass" time="46.817"/>
</testsuite> <!-- automation.testsuite.Day14_Homework_Alada_PageFactory_Page -->
