<?xml version="1.0" encoding="UTF-8"?>
<!-- Generated by org.testng.reporters.JUnitReportReporter -->
<testsuite hostname="NgD" failures="0" tests="1" name="automation.testsuite.TS_PracticeHomework_Day12" time="8.580" errors="0" timestamp="2025-03-24T12:35:28 GMT+07:00" skipped="0">
  <testcase classname="automation.testsuite.TS_PracticeHomework_Day12" name="chooseCountry" time="8.580"/>
</testsuite> <!-- automation.testsuite.TS_PracticeHomework_Day12 -->
