<?xml version="1.0" encoding="UTF-8"?>
<!-- Generated by org.testng.reporters.JUnitReportReporter -->
<testsuite hostname="NgD" failures="0" tests="5" name="automation.testsuite.LocateElement" time="107.215" errors="0" timestamp="2025-03-23T14:25:53 GMT+07:00" skipped="0">
  <testcase classname="automation.testsuite.LocateElement" name="locateByTagName" time="21.534"/>
  <testcase classname="automation.testsuite.LocateElement" name="locateByLinkText" time="21.844"/>
  <testcase classname="automation.testsuite.LocateElement" name="locateById" time="21.374"/>
  <testcase classname="automation.testsuite.LocateElement" name="locateByName" time="20.937"/>
  <testcase classname="automation.testsuite.LocateElement" name="locateByClassName" time="21.526"/>
</testsuite> <!-- automation.testsuite.LocateElement -->
