<?xml version="1.0" encoding="UTF-8"?>
<!-- Generated by org.testng.reporters.JUnitReportReporter -->
<testsuite hostname="NgD" failures="0" tests="4" name="automation.testsuite.CrmStar_QLKV_Test_Homework01_Day16" time="39.327" errors="0" timestamp="2025-03-27T13:20:45 GMT+07:00" skipped="0">
  <testcase classname="automation.testsuite.CrmStar_QLKV_Test_Homework01_Day16" name="LoginSuccessfully" time="8.348"/>
  <testcase classname="automation.testsuite.CrmStar_QLKV_Test_Homework01_Day16" name="addKLVSuccessfully" time="10.816"/>
  <testcase classname="automation.testsuite.CrmStar_QLKV_Test_Homework01_Day16" name="removeKLVSuccessfully" time="10.949"/>
  <testcase classname="automation.testsuite.CrmStar_QLKV_Test_Homework01_Day16" name="addKLV_Unsuccessfully" time="9.214"/>
</testsuite> <!-- automation.testsuite.CrmStar_QLKV_Test_Homework01_Day16 -->
