<?xml version="1.0" encoding="UTF-8"?>
<!-- Generated by org.testng.reporters.JUnitReportReporter -->
<testsuite hostname="NgD" failures="0" tests="1" name="automation.testsuite.Rise_LoginTest_Day13" time="9.166" errors="0" timestamp="2025-03-24T14:30:54 GMT+07:00" skipped="0">
  <testcase classname="automation.testsuite.Rise_LoginTest_Day13" name="LoginSuccessfully" time="9.166"/>
</testsuite> <!-- automation.testsuite.Rise_LoginTest_Day13 -->
