<?xml version="1.0" encoding="UTF-8"?>
<!-- Generated by org.testng.reporters.JUnitReportReporter -->
<testsuite hostname="NgD" failures="0" tests="4" name="automation.testsuite.CrmStar_LoginTest_Homework_Day13" time="29.842" errors="0" timestamp="2025-03-25T10:10:17 GMT+07:00" skipped="0">
  <testcase classname="automation.testsuite.CrmStar_LoginTest_Homework_Day13" name="LoginFail_IncorrectEmailPassword" time="6.643"/>
  <testcase classname="automation.testsuite.CrmStar_LoginTest_Homework_Day13" name="LoginFail_IncorrectPassword" time="7.634"/>
  <testcase classname="automation.testsuite.CrmStar_LoginTest_Homework_Day13" name="LoginSuccessfully" time="7.307"/>
  <testcase classname="automation.testsuite.CrmStar_LoginTest_Homework_Day13" name="LoginFail_IncorrectEmail" time="8.258"/>
</testsuite> <!-- automation.testsuite.CrmStar_LoginTest_Homework_Day13 -->
