<?xml version="1.0" encoding="UTF-8"?>
<!-- Generated by org.testng.reporters.JUnitReportReporter -->
<testsuite hostname="NgD" failures="0" tests="2" name="automation.testsuite.Tedu_ChangePass_Test_Day15" time="24.784" errors="0" timestamp="2025-03-26T12:42:15 GMT+07:00" skipped="0">
  <testcase classname="automation.testsuite.Tedu_ChangePass_Test_Day15" name="UpdatePassSuccessfully" time="12.838"/>
  <testcase classname="automation.testsuite.Tedu_ChangePass_Test_Day15" name="RecoverPassSuccessfully" time="11.946"/>
</testsuite> <!-- automation.testsuite.Tedu_ChangePass_Test_Day15 -->
