<?xml version="1.0" encoding="UTF-8"?>
<!-- Generated by org.testng.reporters.JUnitReportReporter -->
<testsuite hostname="NgD" failures="0" tests="1" name="automation.testsuite.Day17_Homework_MediaMartTest" time="16.486" errors="0" timestamp="2025-03-28T12:48:00 GMT+07:00" skipped="0">
  <testcase classname="automation.testsuite.Day17_Homework_MediaMartTest" name="findZaloIframe" time="16.486"/>
</testsuite> <!-- automation.testsuite.Day17_Homework_MediaMartTest -->
