<?xml version="1.0" encoding="UTF-8"?>
<!-- Generated by org.testng.reporters.JUnitReportReporter -->
<testsuite hostname="NgD" failures="0" tests="1" name="automation.testsuite.DatePicker_Input_Day15" time="10.576" errors="0" timestamp="2025-03-26T17:37:42 GMT+07:00" skipped="0">
  <testcase classname="automation.testsuite.DatePicker_Input_Day15" name="typeToDatePicker" time="10.576"/>
</testsuite> <!-- automation.testsuite.DatePicker_Input_Day15 -->
