<?xml version="1.0" encoding="UTF-8"?>
<!-- Generated by org.testng.reporters.JUnitReportReporter -->
<testsuite hostname="NgD" failures="0" tests="4" name="automation.testsuite.TEDU_Homework_Day15" time="50.707" errors="0" timestamp="2025-03-26T17:37:41 GMT+07:00" skipped="0">
  <testcase classname="automation.testsuite.TEDU_Homework_Day15" name="LoginSuccessfully" time="11.373"/>
  <testcase classname="automation.testsuite.TEDU_Homework_Day15" name="UpdatePassSuccessfully" time="12.452"/>
  <testcase classname="automation.testsuite.TEDU_Homework_Day15" name="RecoverPassSuccessfully" time="12.972"/>
  <testcase classname="automation.testsuite.TEDU_Homework_Day15" name="SearchSuccessfully" time="13.910"/>
</testsuite> <!-- automation.testsuite.TEDU_Homework_Day15 -->
