<?xml version="1.0" encoding="UTF-8"?>
<!-- Generated by org.testng.reporters.JUnitReportReporter -->
<testsuite hostname="NgD" failures="0" tests="1" name="automation.testsuite.Tedu_ChangePassTest_Homework_Day15" time="19.438" errors="0" timestamp="2025-03-26T15:18:12 GMT+07:00" skipped="0">
  <testcase classname="automation.testsuite.Tedu_ChangePassTest_Homework_Day15" name="SearchSuccessfully" time="19.438"/>
</testsuite> <!-- automation.testsuite.Tedu_ChangePassTest_Homework_Day15 -->
