<?xml version="1.0" encoding="UTF-8"?>
<!-- Generated by org.testng.reporters.JUnitReportReporter -->
<testsuite hostname="NgD" failures="0" tests="3" name="automation.testsuite.Day14_Homework_Alada_PageFactory_Page" time="160.000" errors="0" timestamp="2025-03-27T14:25:15 GMT+07:00" skipped="0">
  <testcase classname="automation.testsuite.Day14_Homework_Alada_PageFactory_Page" name="RegisterSuccessfully" time="47.322"/>
  <testcase classname="automation.testsuite.Day14_Homework_Alada_PageFactory_Page" name="ChangePassword" time="66.980"/>
  <testcase classname="automation.testsuite.Day14_Homework_Alada_PageFactory_Page" name="LoginSuccessfully_NewPass" time="45.698"/>
</testsuite> <!-- automation.testsuite.Day14_Homework_Alada_PageFactory_Page -->
