<?xml version="1.0" encoding="UTF-8"?>
<!-- Generated by org.testng.reporters.JUnitReportReporter -->
<testsuite hostname="NgD" failures="0" tests="1" name="automation.testsuite.CrmStar_LoginTest_Homework_Day13" time="7.209" errors="0" timestamp="2025-03-24T17:38:56 GMT+07:00" skipped="0">
  <testcase classname="automation.testsuite.CrmStar_LoginTest_Homework_Day13" name="LoginFail_IncorrectEmailPassword" time="7.209"/>
</testsuite> <!-- automation.testsuite.CrmStar_LoginTest_Homework_Day13 -->
