<?xml version="1.0" encoding="UTF-8"?>
<!-- Generated by org.testng.reporters.JUnitReportReporter -->
<testsuite hostname="NgD" failures="0" tests="1" name="automation.testsuite.Day16_Homework_01__CrmStar_QLKV_Test" time="9.229" errors="0" timestamp="2025-03-27T15:29:43 GMT+07:00" skipped="0">
  <testcase classname="automation.testsuite.Day16_Homework_01__CrmStar_QLKV_Test" name="addKLV_Unsuccessfully" time="9.229"/>
</testsuite> <!-- automation.testsuite.Day16_Homework_01__CrmStar_QLKV_Test -->
