<?xml version="1.0" encoding="UTF-8"?>
<!-- Generated by org.testng.reporters.JUnitReportReporter -->
<testsuite hostname="NgD" failures="0" tests="3" name="automation.testsuite.Day18_Homework_02_Test" time="56.406" errors="0" timestamp="2025-03-28T18:03:45 GMT+07:00" skipped="0">
  <testcase classname="automation.testsuite.Day18_Homework_02_Test" name="clickChat" time="9.055"/>
  <testcase classname="automation.testsuite.Day18_Homework_02_Test" name="clickChat" time="20.966"/>
  <testcase classname="automation.testsuite.Day18_Homework_02_Test" name="clickChat" time="26.385"/>
</testsuite> <!-- automation.testsuite.Day18_Homework_02_Test -->
