<?xml version="1.0" encoding="UTF-8"?>
<!-- Generated by org.testng.reporters.JUnitReportReporter -->
<testsuite hostname="NgD" failures="0" tests="5" name="automation.testsuite.LoginTest" time="106.871" errors="0" timestamp="2025-03-23T14:18:08 GMT+07:00" skipped="0">
  <testcase classname="automation.testsuite.LoginTest" name="locateByName" time="21.032"/>
  <testcase classname="automation.testsuite.LoginTest" name="locateByTagName" time="21.888"/>
  <testcase classname="automation.testsuite.LoginTest" name="locateByLinkText" time="21.443"/>
  <testcase classname="automation.testsuite.LoginTest" name="locateByClassName" time="21.441"/>
  <testcase classname="automation.testsuite.LoginTest" name="locateById" time="21.067"/>
</testsuite> <!-- automation.testsuite.LoginTest -->
