<?xml version="1.0" encoding="UTF-8"?>
<!-- Generated by org.testng.reporters.JUnitReportReporter -->
<testsuite hostname="NgD" failures="0" tests="1" name="automation.testsuite.TS_PracticeLocateElement_B2" time="2.408" errors="0" timestamp="2025-03-23T14:57:56 GMT+07:00" skipped="0">
  <testcase classname="automation.testsuite.TS_PracticeLocateElement_B2" name="submitAndRestForm" time="2.408"/>
</testsuite> <!-- automation.testsuite.TS_PracticeLocateElement_B2 -->
