<?xml version="1.0" encoding="UTF-8"?>
<!-- Generated by org.testng.reporters.JUnitReportReporter -->
<testsuite hostname="NgD" failures="0" tests="1" name="automation.testsuite.CrmStar_AddNewEmployeeTest_Day13" time="9.214" errors="0" timestamp="2025-03-25T13:31:13 GMT+07:00" skipped="0">
  <testcase classname="automation.testsuite.CrmStar_AddNewEmployeeTest_Day13" name="AddNew_Employee" time="9.214"/>
</testsuite> <!-- automation.testsuite.CrmStar_AddNewEmployeeTest_Day13 -->
