<?xml version="1.0" encoding="UTF-8"?>
<!-- Generated by org.testng.reporters.JUnitReportReporter -->
<testsuite hostname="NgD" failures="0" tests="1" name="automation.testsuite.Rise_LoginTest_Day13" time="8.652" errors="0" timestamp="2025-03-24T17:42:11 GMT+07:00" skipped="0">
  <testcase classname="automation.testsuite.Rise_LoginTest_Day13" name="LoginSuccessfully" time="8.652"/>
</testsuite> <!-- automation.testsuite.Rise_LoginTest_Day13 -->
