<?xml version="1.0" encoding="UTF-8"?>
<!-- Generated by org.testng.reporters.JUnitReportReporter -->
<testsuite hostname="NgD" failures="0" tests="1" name="automation.testsuite.Employees" time="9.483" errors="0" timestamp="2025-03-23T14:02:33 GMT+07:00" skipped="0">
  <testcase classname="automation.testsuite.Employees" name="enterEmployeeName" time="9.483"/>
</testsuite> <!-- automation.testsuite.Employees -->
