<?xml version="1.0" encoding="UTF-8"?>
<!-- Generated by org.testng.reporters.JUnitReportReporter -->
<testsuite hostname="NgD" failures="0" tests="1" name="automation.testsuite.Day16_Homework_03_ALERT" time="5.471" errors="0" timestamp="2025-03-27T13:56:18 GMT+07:00" skipped="0">
  <testcase classname="automation.testsuite.Day16_Homework_03_ALERT" name="clickAlert" time="5.471"/>
</testsuite> <!-- automation.testsuite.Day16_Homework_03_ALERT -->
