<?xml version="1.0" encoding="UTF-8"?>
<!-- Generated by org.testng.reporters.JUnitReportReporter -->
<testsuite hostname="NgD" failures="0" tests="3" name="automation.testsuite.Day12_Homework" time="29.212" errors="0" timestamp="2025-03-28T15:36:05 GMT+07:00" skipped="0">
  <testcase classname="automation.testsuite.Day12_Homework" name="chooseCountry" time="10.987"/>
  <testcase classname="automation.testsuite.Day12_Homework" name="chooseCountry" time="9.758"/>
  <testcase classname="automation.testsuite.Day12_Homework" name="chooseCountry" time="8.467"/>
</testsuite> <!-- automation.testsuite.Day12_Homework -->
