<?xml version="1.0" encoding="UTF-8"?>
<!-- Generated by org.testng.reporters.JUnitReportReporter -->
<testsuite hostname="NgD" failures="0" tests="1" name="automation.testsuite.Employees_Day08" time="8.123" errors="0" timestamp="2025-03-24T09:22:48 GMT+07:00" skipped="0">
  <testcase classname="automation.testsuite.Employees_Day08" name="enterEmployeeName" time="8.123"/>
</testsuite> <!-- automation.testsuite.Employees_Day08 -->
