<?xml version="1.0" encoding="UTF-8"?>
<!-- Generated by org.testng.reporters.JUnitReportReporter -->
<testsuite hostname="NgD" failures="0" tests="1" name="automation.testsuite.Day17_PopupTest" time="7.317" errors="0" timestamp="2025-03-27T15:43:46 GMT+07:00" skipped="0">
  <testcase classname="automation.testsuite.Day17_PopupTest" name="testPopup" time="7.317"/>
</testsuite> <!-- automation.testsuite.Day17_PopupTest -->
