<?xml version="1.0" encoding="UTF-8"?>
<!-- Generated by org.testng.reporters.JUnitReportReporter -->
<testsuite hostname="NgD" failures="0" tests="1" name="automation.testsuite.Day13_CrmStar_AddNewEmployeeTest" time="10.341" errors="0" timestamp="2025-03-27T14:45:45 GMT+07:00" skipped="0">
  <testcase classname="automation.testsuite.Day13_CrmStar_AddNewEmployeeTest" name="AddNew_Employee" time="10.341"/>
</testsuite> <!-- automation.testsuite.Day13_CrmStar_AddNewEmployeeTest -->
