<?xml version="1.0" encoding="UTF-8"?>
<!-- Generated by org.testng.reporters.JUnitReportReporter -->
<testsuite hostname="NgD" failures="0" tests="1" name="automation.testsuite.ALERT_Homework2_Day16" time="15.734" errors="0" timestamp="2025-03-27T13:46:59 GMT+07:00" skipped="0">
  <testcase classname="automation.testsuite.ALERT_Homework2_Day16" name="clickAlert" time="15.734"/>
</testsuite> <!-- automation.testsuite.ALERT_Homework2_Day16 -->
