<?xml version="1.0" encoding="UTF-8"?>
<!-- Generated by org.testng.reporters.JUnitReportReporter -->
<testsuite hostname="NgD" failures="0" tests="1" name="automation.testsuite.TS_PracticeLocateElement_Day08_B1" time="5.169" errors="0" timestamp="2025-03-24T09:25:18 GMT+07:00" skipped="0">
  <testcase classname="automation.testsuite.TS_PracticeLocateElement_Day08_B1" name="submitForm" time="5.169"/>
</testsuite> <!-- automation.testsuite.TS_PracticeLocateElement_Day08_B1 -->
