<?xml version="1.0" encoding="UTF-8"?>
<!-- Generated by org.testng.reporters.JUnitReportReporter -->
<testsuite hostname="NgD" failures="0" tests="1" name="automation.testsuite.LoginTest" time="8.384" errors="0" timestamp="2025-03-29T17:32:24 GMT+07:00" skipped="0">
  <testcase classname="automation.testsuite.LoginTest" name="LoginSuccessfully" time="8.384"/>
</testsuite> <!-- automation.testsuite.LoginTest -->
