<?xml version="1.0" encoding="UTF-8"?>
<!-- Generated by org.testng.reporters.JUnitReportReporter -->
<testsuite hostname="NgD" failures="0" tests="3" name="automation.testsuite.QLKLV_Test" time="60.221" errors="0" timestamp="2025-03-29T20:55:41 GMT+07:00" skipped="0">
  <testcase classname="automation.testsuite.QLKLV_Test" name="addKLVSuccessfully" time="40.915"/>
  <testcase classname="automation.testsuite.QLKLV_Test" name="addKLVUnsuccessfully_MissingRequiredFields" time="9.210"/>
  <testcase classname="automation.testsuite.QLKLV_Test" name="addKLVUnsuccessfully_InvalidData" time="10.096"/>
</testsuite> <!-- automation.testsuite.QLKLV_Test -->
